401 Unauthorized
/Users/carlos/.rvm/rubies/ruby-2.0.0-p481/lib/ruby/2.0.0/open-uri.rb:353:in `open_http'
/Users/carlos/.rvm/rubies/ruby-2.0.0-p481/lib/ruby/2.0.0/open-uri.rb:709:in `buffer_open'
/Users/carlos/.rvm/rubies/ruby-2.0.0-p481/lib/ruby/2.0.0/open-uri.rb:210:in `block in open_loop'
/Users/carlos/.rvm/rubies/ruby-2.0.0-p481/lib/ruby/2.0.0/open-uri.rb:208:in `catch'
/Users/carlos/.rvm/rubies/ruby-2.0.0-p481/lib/ruby/2.0.0/open-uri.rb:208:in `open_loop'
/Users/carlos/.rvm/rubies/ruby-2.0.0-p481/lib/ruby/2.0.0/open-uri.rb:149:in `open_uri'
/Users/carlos/.rvm/rubies/ruby-2.0.0-p481/lib/ruby/2.0.0/open-uri.rb:689:in `open'
/Users/carlos/.rvm/rubies/ruby-2.0.0-p481/lib/ruby/2.0.0/open-uri.rb:30:in `open'
script_mobile.rb:50:in `block (2 levels) in <main>'
script_mobile.rb:25:in `each_line'
script_mobile.rb:25:in `block in <main>'
script_mobile.rb:24:in `times'
script_mobile.rb:24:in `<main>'
401 Unauthorized
/Users/carlos/.rvm/rubies/ruby-2.0.0-p481/lib/ruby/2.0.0/open-uri.rb:353:in `open_http'
/Users/carlos/.rvm/rubies/ruby-2.0.0-p481/lib/ruby/2.0.0/open-uri.rb:709:in `buffer_open'
/Users/carlos/.rvm/rubies/ruby-2.0.0-p481/lib/ruby/2.0.0/open-uri.rb:210:in `block in open_loop'
/Users/carlos/.rvm/rubies/ruby-2.0.0-p481/lib/ruby/2.0.0/open-uri.rb:208:in `catch'
/Users/carlos/.rvm/rubies/ruby-2.0.0-p481/lib/ruby/2.0.0/open-uri.rb:208:in `open_loop'
/Users/carlos/.rvm/rubies/ruby-2.0.0-p481/lib/ruby/2.0.0/open-uri.rb:149:in `open_uri'
/Users/carlos/.rvm/rubies/ruby-2.0.0-p481/lib/ruby/2.0.0/open-uri.rb:689:in `open'
/Users/carlos/.rvm/rubies/ruby-2.0.0-p481/lib/ruby/2.0.0/open-uri.rb:30:in `open'
script_mobile.rb:50:in `block (2 levels) in <main>'
script_mobile.rb:25:in `each_line'
script_mobile.rb:25:in `block in <main>'
script_mobile.rb:24:in `times'
script_mobile.rb:24:in `<main>'
401 Unauthorized
/Users/carlos/.rvm/rubies/ruby-2.0.0-p481/lib/ruby/2.0.0/open-uri.rb:353:in `open_http'
/Users/carlos/.rvm/rubies/ruby-2.0.0-p481/lib/ruby/2.0.0/open-uri.rb:709:in `buffer_open'
/Users/carlos/.rvm/rubies/ruby-2.0.0-p481/lib/ruby/2.0.0/open-uri.rb:210:in `block in open_loop'
/Users/carlos/.rvm/rubies/ruby-2.0.0-p481/lib/ruby/2.0.0/open-uri.rb:208:in `catch'
/Users/carlos/.rvm/rubies/ruby-2.0.0-p481/lib/ruby/2.0.0/open-uri.rb:208:in `open_loop'
/Users/carlos/.rvm/rubies/ruby-2.0.0-p481/lib/ruby/2.0.0/open-uri.rb:149:in `open_uri'
/Users/carlos/.rvm/rubies/ruby-2.0.0-p481/lib/ruby/2.0.0/open-uri.rb:689:in `open'
/Users/carlos/.rvm/rubies/ruby-2.0.0-p481/lib/ruby/2.0.0/open-uri.rb:30:in `open'
script_mobile.rb:50:in `block (2 levels) in <main>'
script_mobile.rb:25:in `each_line'
script_mobile.rb:25:in `block in <main>'
script_mobile.rb:24:in `times'
script_mobile.rb:24:in `<main>'
401 Unauthorized
/Users/carlos/.rvm/rubies/ruby-2.0.0-p481/lib/ruby/2.0.0/open-uri.rb:353:in `open_http'
/Users/carlos/.rvm/rubies/ruby-2.0.0-p481/lib/ruby/2.0.0/open-uri.rb:709:in `buffer_open'
/Users/carlos/.rvm/rubies/ruby-2.0.0-p481/lib/ruby/2.0.0/open-uri.rb:210:in `block in open_loop'
/Users/carlos/.rvm/rubies/ruby-2.0.0-p481/lib/ruby/2.0.0/open-uri.rb:208:in `catch'
/Users/carlos/.rvm/rubies/ruby-2.0.0-p481/lib/ruby/2.0.0/open-uri.rb:208:in `open_loop'
/Users/carlos/.rvm/rubies/ruby-2.0.0-p481/lib/ruby/2.0.0/open-uri.rb:149:in `open_uri'
/Users/carlos/.rvm/rubies/ruby-2.0.0-p481/lib/ruby/2.0.0/open-uri.rb:689:in `open'
/Users/carlos/.rvm/rubies/ruby-2.0.0-p481/lib/ruby/2.0.0/open-uri.rb:30:in `open'
script_mobile.rb:50:in `block (2 levels) in <main>'
script_mobile.rb:25:in `each_line'
script_mobile.rb:25:in `block in <main>'
script_mobile.rb:24:in `times'
script_mobile.rb:24:in `<main>'
401 Unauthorized
/Users/carlos/.rvm/rubies/ruby-2.0.0-p481/lib/ruby/2.0.0/open-uri.rb:353:in `open_http'
/Users/carlos/.rvm/rubies/ruby-2.0.0-p481/lib/ruby/2.0.0/open-uri.rb:709:in `buffer_open'
/Users/carlos/.rvm/rubies/ruby-2.0.0-p481/lib/ruby/2.0.0/open-uri.rb:210:in `block in open_loop'
/Users/carlos/.rvm/rubies/ruby-2.0.0-p481/lib/ruby/2.0.0/open-uri.rb:208:in `catch'
/Users/carlos/.rvm/rubies/ruby-2.0.0-p481/lib/ruby/2.0.0/open-uri.rb:208:in `open_loop'
/Users/carlos/.rvm/rubies/ruby-2.0.0-p481/lib/ruby/2.0.0/open-uri.rb:149:in `open_uri'
/Users/carlos/.rvm/rubies/ruby-2.0.0-p481/lib/ruby/2.0.0/open-uri.rb:689:in `open'
/Users/carlos/.rvm/rubies/ruby-2.0.0-p481/lib/ruby/2.0.0/open-uri.rb:30:in `open'
script_mobile.rb:50:in `block (2 levels) in <main>'
script_mobile.rb:25:in `each_line'
script_mobile.rb:25:in `block in <main>'
script_mobile.rb:24:in `times'
script_mobile.rb:24:in `<main>'
401 Unauthorized
/Users/carlos/.rvm/rubies/ruby-2.0.0-p481/lib/ruby/2.0.0/open-uri.rb:353:in `open_http'
/Users/carlos/.rvm/rubies/ruby-2.0.0-p481/lib/ruby/2.0.0/open-uri.rb:709:in `buffer_open'
/Users/carlos/.rvm/rubies/ruby-2.0.0-p481/lib/ruby/2.0.0/open-uri.rb:210:in `block in open_loop'
/Users/carlos/.rvm/rubies/ruby-2.0.0-p481/lib/ruby/2.0.0/open-uri.rb:208:in `catch'
/Users/carlos/.rvm/rubies/ruby-2.0.0-p481/lib/ruby/2.0.0/open-uri.rb:208:in `open_loop'
/Users/carlos/.rvm/rubies/ruby-2.0.0-p481/lib/ruby/2.0.0/open-uri.rb:149:in `open_uri'
/Users/carlos/.rvm/rubies/ruby-2.0.0-p481/lib/ruby/2.0.0/open-uri.rb:689:in `open'
/Users/carlos/.rvm/rubies/ruby-2.0.0-p481/lib/ruby/2.0.0/open-uri.rb:30:in `open'
script_mobile.rb:50:in `block (2 levels) in <main>'
script_mobile.rb:25:in `each_line'
script_mobile.rb:25:in `block in <main>'
script_mobile.rb:24:in `times'
script_mobile.rb:24:in `<main>'
401 Unauthorized
/Users/carlos/.rvm/rubies/ruby-2.0.0-p481/lib/ruby/2.0.0/open-uri.rb:353:in `open_http'
/Users/carlos/.rvm/rubies/ruby-2.0.0-p481/lib/ruby/2.0.0/open-uri.rb:709:in `buffer_open'
/Users/carlos/.rvm/rubies/ruby-2.0.0-p481/lib/ruby/2.0.0/open-uri.rb:210:in `block in open_loop'
/Users/carlos/.rvm/rubies/ruby-2.0.0-p481/lib/ruby/2.0.0/open-uri.rb:208:in `catch'
/Users/carlos/.rvm/rubies/ruby-2.0.0-p481/lib/ruby/2.0.0/open-uri.rb:208:in `open_loop'
/Users/carlos/.rvm/rubies/ruby-2.0.0-p481/lib/ruby/2.0.0/open-uri.rb:149:in `open_uri'
/Users/carlos/.rvm/rubies/ruby-2.0.0-p481/lib/ruby/2.0.0/open-uri.rb:689:in `open'
/Users/carlos/.rvm/rubies/ruby-2.0.0-p481/lib/ruby/2.0.0/open-uri.rb:30:in `open'
script_mobile.rb:50:in `block (2 levels) in <main>'
script_mobile.rb:25:in `each_line'
script_mobile.rb:25:in `block in <main>'
script_mobile.rb:24:in `times'
script_mobile.rb:24:in `<main>'
401 Unauthorized
/Users/carlos/.rvm/rubies/ruby-2.0.0-p481/lib/ruby/2.0.0/open-uri.rb:353:in `open_http'
/Users/carlos/.rvm/rubies/ruby-2.0.0-p481/lib/ruby/2.0.0/open-uri.rb:709:in `buffer_open'
/Users/carlos/.rvm/rubies/ruby-2.0.0-p481/lib/ruby/2.0.0/open-uri.rb:210:in `block in open_loop'
/Users/carlos/.rvm/rubies/ruby-2.0.0-p481/lib/ruby/2.0.0/open-uri.rb:208:in `catch'
/Users/carlos/.rvm/rubies/ruby-2.0.0-p481/lib/ruby/2.0.0/open-uri.rb:208:in `open_loop'
/Users/carlos/.rvm/rubies/ruby-2.0.0-p481/lib/ruby/2.0.0/open-uri.rb:149:in `open_uri'
/Users/carlos/.rvm/rubies/ruby-2.0.0-p481/lib/ruby/2.0.0/open-uri.rb:689:in `open'
/Users/carlos/.rvm/rubies/ruby-2.0.0-p481/lib/ruby/2.0.0/open-uri.rb:30:in `open'
script_mobile.rb:50:in `block (2 levels) in <main>'
script_mobile.rb:25:in `each_line'
script_mobile.rb:25:in `block in <main>'
script_mobile.rb:24:in `times'
script_mobile.rb:24:in `<main>'
401 Unauthorized
/Users/carlos/.rvm/rubies/ruby-2.0.0-p481/lib/ruby/2.0.0/open-uri.rb:353:in `open_http'
/Users/carlos/.rvm/rubies/ruby-2.0.0-p481/lib/ruby/2.0.0/open-uri.rb:709:in `buffer_open'
/Users/carlos/.rvm/rubies/ruby-2.0.0-p481/lib/ruby/2.0.0/open-uri.rb:210:in `block in open_loop'
/Users/carlos/.rvm/rubies/ruby-2.0.0-p481/lib/ruby/2.0.0/open-uri.rb:208:in `catch'
/Users/carlos/.rvm/rubies/ruby-2.0.0-p481/lib/ruby/2.0.0/open-uri.rb:208:in `open_loop'
/Users/carlos/.rvm/rubies/ruby-2.0.0-p481/lib/ruby/2.0.0/open-uri.rb:149:in `open_uri'
/Users/carlos/.rvm/rubies/ruby-2.0.0-p481/lib/ruby/2.0.0/open-uri.rb:689:in `open'
/Users/carlos/.rvm/rubies/ruby-2.0.0-p481/lib/ruby/2.0.0/open-uri.rb:30:in `open'
script_mobile.rb:50:in `block (2 levels) in <main>'
script_mobile.rb:25:in `each_line'
script_mobile.rb:25:in `block in <main>'
script_mobile.rb:24:in `times'
script_mobile.rb:24:in `<main>'
401 Unauthorized
/Users/carlos/.rvm/rubies/ruby-2.0.0-p481/lib/ruby/2.0.0/open-uri.rb:353:in `open_http'
/Users/carlos/.rvm/rubies/ruby-2.0.0-p481/lib/ruby/2.0.0/open-uri.rb:709:in `buffer_open'
/Users/carlos/.rvm/rubies/ruby-2.0.0-p481/lib/ruby/2.0.0/open-uri.rb:210:in `block in open_loop'
/Users/carlos/.rvm/rubies/ruby-2.0.0-p481/lib/ruby/2.0.0/open-uri.rb:208:in `catch'
/Users/carlos/.rvm/rubies/ruby-2.0.0-p481/lib/ruby/2.0.0/open-uri.rb:208:in `open_loop'
/Users/carlos/.rvm/rubies/ruby-2.0.0-p481/lib/ruby/2.0.0/open-uri.rb:149:in `open_uri'
/Users/carlos/.rvm/rubies/ruby-2.0.0-p481/lib/ruby/2.0.0/open-uri.rb:689:in `open'
/Users/carlos/.rvm/rubies/ruby-2.0.0-p481/lib/ruby/2.0.0/open-uri.rb:30:in `open'
script_mobile.rb:50:in `block (2 levels) in <main>'
script_mobile.rb:25:in `each_line'
script_mobile.rb:25:in `block in <main>'
script_mobile.rb:24:in `times'
script_mobile.rb:24:in `<main>'
401 Unauthorized
/Users/carlos/.rvm/rubies/ruby-2.0.0-p481/lib/ruby/2.0.0/open-uri.rb:353:in `open_http'
/Users/carlos/.rvm/rubies/ruby-2.0.0-p481/lib/ruby/2.0.0/open-uri.rb:709:in `buffer_open'
/Users/carlos/.rvm/rubies/ruby-2.0.0-p481/lib/ruby/2.0.0/open-uri.rb:210:in `block in open_loop'
/Users/carlos/.rvm/rubies/ruby-2.0.0-p481/lib/ruby/2.0.0/open-uri.rb:208:in `catch'
/Users/carlos/.rvm/rubies/ruby-2.0.0-p481/lib/ruby/2.0.0/open-uri.rb:208:in `open_loop'
/Users/carlos/.rvm/rubies/ruby-2.0.0-p481/lib/ruby/2.0.0/open-uri.rb:149:in `open_uri'
/Users/carlos/.rvm/rubies/ruby-2.0.0-p481/lib/ruby/2.0.0/open-uri.rb:689:in `open'
/Users/carlos/.rvm/rubies/ruby-2.0.0-p481/lib/ruby/2.0.0/open-uri.rb:30:in `open'
script_mobile.rb:50:in `block (2 levels) in <main>'
script_mobile.rb:25:in `each_line'
script_mobile.rb:25:in `block in <main>'
script_mobile.rb:24:in `times'
script_mobile.rb:24:in `<main>'
401 Unauthorized
/Users/carlos/.rvm/rubies/ruby-2.0.0-p481/lib/ruby/2.0.0/open-uri.rb:353:in `open_http'
/Users/carlos/.rvm/rubies/ruby-2.0.0-p481/lib/ruby/2.0.0/open-uri.rb:709:in `buffer_open'
/Users/carlos/.rvm/rubies/ruby-2.0.0-p481/lib/ruby/2.0.0/open-uri.rb:210:in `block in open_loop'
/Users/carlos/.rvm/rubies/ruby-2.0.0-p481/lib/ruby/2.0.0/open-uri.rb:208:in `catch'
/Users/carlos/.rvm/rubies/ruby-2.0.0-p481/lib/ruby/2.0.0/open-uri.rb:208:in `open_loop'
/Users/carlos/.rvm/rubies/ruby-2.0.0-p481/lib/ruby/2.0.0/open-uri.rb:149:in `open_uri'
/Users/carlos/.rvm/rubies/ruby-2.0.0-p481/lib/ruby/2.0.0/open-uri.rb:689:in `open'
/Users/carlos/.rvm/rubies/ruby-2.0.0-p481/lib/ruby/2.0.0/open-uri.rb:30:in `open'
script_mobile.rb:50:in `block (2 levels) in <main>'
script_mobile.rb:25:in `each_line'
script_mobile.rb:25:in `block in <main>'
script_mobile.rb:24:in `times'
script_mobile.rb:24:in `<main>'
401 Unauthorized
/Users/carlos/.rvm/rubies/ruby-2.0.0-p481/lib/ruby/2.0.0/open-uri.rb:353:in `open_http'
/Users/carlos/.rvm/rubies/ruby-2.0.0-p481/lib/ruby/2.0.0/open-uri.rb:709:in `buffer_open'
/Users/carlos/.rvm/rubies/ruby-2.0.0-p481/lib/ruby/2.0.0/open-uri.rb:210:in `block in open_loop'
/Users/carlos/.rvm/rubies/ruby-2.0.0-p481/lib/ruby/2.0.0/open-uri.rb:208:in `catch'
/Users/carlos/.rvm/rubies/ruby-2.0.0-p481/lib/ruby/2.0.0/open-uri.rb:208:in `open_loop'
/Users/carlos/.rvm/rubies/ruby-2.0.0-p481/lib/ruby/2.0.0/open-uri.rb:149:in `open_uri'
/Users/carlos/.rvm/rubies/ruby-2.0.0-p481/lib/ruby/2.0.0/open-uri.rb:689:in `open'
/Users/carlos/.rvm/rubies/ruby-2.0.0-p481/lib/ruby/2.0.0/open-uri.rb:30:in `open'
script_mobile.rb:50:in `block (2 levels) in <main>'
script_mobile.rb:25:in `each_line'
script_mobile.rb:25:in `block in <main>'
script_mobile.rb:24:in `times'
script_mobile.rb:24:in `<main>'
401 Unauthorized
/Users/carlos/.rvm/rubies/ruby-2.0.0-p481/lib/ruby/2.0.0/open-uri.rb:353:in `open_http'
/Users/carlos/.rvm/rubies/ruby-2.0.0-p481/lib/ruby/2.0.0/open-uri.rb:709:in `buffer_open'
/Users/carlos/.rvm/rubies/ruby-2.0.0-p481/lib/ruby/2.0.0/open-uri.rb:210:in `block in open_loop'
/Users/carlos/.rvm/rubies/ruby-2.0.0-p481/lib/ruby/2.0.0/open-uri.rb:208:in `catch'
/Users/carlos/.rvm/rubies/ruby-2.0.0-p481/lib/ruby/2.0.0/open-uri.rb:208:in `open_loop'
/Users/carlos/.rvm/rubies/ruby-2.0.0-p481/lib/ruby/2.0.0/open-uri.rb:149:in `open_uri'
/Users/carlos/.rvm/rubies/ruby-2.0.0-p481/lib/ruby/2.0.0/open-uri.rb:689:in `open'
/Users/carlos/.rvm/rubies/ruby-2.0.0-p481/lib/ruby/2.0.0/open-uri.rb:30:in `open'
script_mobile.rb:50:in `block (2 levels) in <main>'
script_mobile.rb:25:in `each_line'
script_mobile.rb:25:in `block in <main>'
script_mobile.rb:24:in `times'
script_mobile.rb:24:in `<main>'
401 Unauthorized
/Users/carlos/.rvm/rubies/ruby-2.0.0-p481/lib/ruby/2.0.0/open-uri.rb:353:in `open_http'
/Users/carlos/.rvm/rubies/ruby-2.0.0-p481/lib/ruby/2.0.0/open-uri.rb:709:in `buffer_open'
/Users/carlos/.rvm/rubies/ruby-2.0.0-p481/lib/ruby/2.0.0/open-uri.rb:210:in `block in open_loop'
/Users/carlos/.rvm/rubies/ruby-2.0.0-p481/lib/ruby/2.0.0/open-uri.rb:208:in `catch'
/Users/carlos/.rvm/rubies/ruby-2.0.0-p481/lib/ruby/2.0.0/open-uri.rb:208:in `open_loop'
/Users/carlos/.rvm/rubies/ruby-2.0.0-p481/lib/ruby/2.0.0/open-uri.rb:149:in `open_uri'
/Users/carlos/.rvm/rubies/ruby-2.0.0-p481/lib/ruby/2.0.0/open-uri.rb:689:in `open'
/Users/carlos/.rvm/rubies/ruby-2.0.0-p481/lib/ruby/2.0.0/open-uri.rb:30:in `open'
script_mobile.rb:50:in `block (2 levels) in <main>'
script_mobile.rb:25:in `each_line'
script_mobile.rb:25:in `block in <main>'
script_mobile.rb:24:in `times'
script_mobile.rb:24:in `<main>'
401 Unauthorized
/Users/carlos/.rvm/rubies/ruby-2.0.0-p481/lib/ruby/2.0.0/open-uri.rb:353:in `open_http'
/Users/carlos/.rvm/rubies/ruby-2.0.0-p481/lib/ruby/2.0.0/open-uri.rb:709:in `buffer_open'
/Users/carlos/.rvm/rubies/ruby-2.0.0-p481/lib/ruby/2.0.0/open-uri.rb:210:in `block in open_loop'
/Users/carlos/.rvm/rubies/ruby-2.0.0-p481/lib/ruby/2.0.0/open-uri.rb:208:in `catch'
/Users/carlos/.rvm/rubies/ruby-2.0.0-p481/lib/ruby/2.0.0/open-uri.rb:208:in `open_loop'
/Users/carlos/.rvm/rubies/ruby-2.0.0-p481/lib/ruby/2.0.0/open-uri.rb:149:in `open_uri'
/Users/carlos/.rvm/rubies/ruby-2.0.0-p481/lib/ruby/2.0.0/open-uri.rb:689:in `open'
/Users/carlos/.rvm/rubies/ruby-2.0.0-p481/lib/ruby/2.0.0/open-uri.rb:30:in `open'
script_mobile.rb:50:in `block (2 levels) in <main>'
script_mobile.rb:25:in `each_line'
script_mobile.rb:25:in `block in <main>'
script_mobile.rb:24:in `times'
script_mobile.rb:24:in `<main>'
401 Unauthorized
/Users/carlos/.rvm/rubies/ruby-2.0.0-p481/lib/ruby/2.0.0/open-uri.rb:353:in `open_http'
/Users/carlos/.rvm/rubies/ruby-2.0.0-p481/lib/ruby/2.0.0/open-uri.rb:709:in `buffer_open'
/Users/carlos/.rvm/rubies/ruby-2.0.0-p481/lib/ruby/2.0.0/open-uri.rb:210:in `block in open_loop'
/Users/carlos/.rvm/rubies/ruby-2.0.0-p481/lib/ruby/2.0.0/open-uri.rb:208:in `catch'
/Users/carlos/.rvm/rubies/ruby-2.0.0-p481/lib/ruby/2.0.0/open-uri.rb:208:in `open_loop'
/Users/carlos/.rvm/rubies/ruby-2.0.0-p481/lib/ruby/2.0.0/open-uri.rb:149:in `open_uri'
/Users/carlos/.rvm/rubies/ruby-2.0.0-p481/lib/ruby/2.0.0/open-uri.rb:689:in `open'
/Users/carlos/.rvm/rubies/ruby-2.0.0-p481/lib/ruby/2.0.0/open-uri.rb:30:in `open'
script_mobile.rb:50:in `block (2 levels) in <main>'
script_mobile.rb:25:in `each_line'
script_mobile.rb:25:in `block in <main>'
script_mobile.rb:24:in `times'
script_mobile.rb:24:in `<main>'
401 Unauthorized
/Users/carlos/.rvm/rubies/ruby-2.0.0-p481/lib/ruby/2.0.0/open-uri.rb:353:in `open_http'
/Users/carlos/.rvm/rubies/ruby-2.0.0-p481/lib/ruby/2.0.0/open-uri.rb:709:in `buffer_open'
/Users/carlos/.rvm/rubies/ruby-2.0.0-p481/lib/ruby/2.0.0/open-uri.rb:210:in `block in open_loop'
/Users/carlos/.rvm/rubies/ruby-2.0.0-p481/lib/ruby/2.0.0/open-uri.rb:208:in `catch'
/Users/carlos/.rvm/rubies/ruby-2.0.0-p481/lib/ruby/2.0.0/open-uri.rb:208:in `open_loop'
/Users/carlos/.rvm/rubies/ruby-2.0.0-p481/lib/ruby/2.0.0/open-uri.rb:149:in `open_uri'
/Users/carlos/.rvm/rubies/ruby-2.0.0-p481/lib/ruby/2.0.0/open-uri.rb:689:in `open'
/Users/carlos/.rvm/rubies/ruby-2.0.0-p481/lib/ruby/2.0.0/open-uri.rb:30:in `open'
script_mobile.rb:50:in `block (2 levels) in <main>'
script_mobile.rb:25:in `each_line'
script_mobile.rb:25:in `block in <main>'
script_mobile.rb:24:in `times'
script_mobile.rb:24:in `<main>'
401 Unauthorized
/Users/carlos/.rvm/rubies/ruby-2.0.0-p481/lib/ruby/2.0.0/open-uri.rb:353:in `open_http'
/Users/carlos/.rvm/rubies/ruby-2.0.0-p481/lib/ruby/2.0.0/open-uri.rb:709:in `buffer_open'
/Users/carlos/.rvm/rubies/ruby-2.0.0-p481/lib/ruby/2.0.0/open-uri.rb:210:in `block in open_loop'
/Users/carlos/.rvm/rubies/ruby-2.0.0-p481/lib/ruby/2.0.0/open-uri.rb:208:in `catch'
/Users/carlos/.rvm/rubies/ruby-2.0.0-p481/lib/ruby/2.0.0/open-uri.rb:208:in `open_loop'
/Users/carlos/.rvm/rubies/ruby-2.0.0-p481/lib/ruby/2.0.0/open-uri.rb:149:in `open_uri'
/Users/carlos/.rvm/rubies/ruby-2.0.0-p481/lib/ruby/2.0.0/open-uri.rb:689:in `open'
/Users/carlos/.rvm/rubies/ruby-2.0.0-p481/lib/ruby/2.0.0/open-uri.rb:30:in `open'
script_mobile.rb:50:in `block (2 levels) in <main>'
script_mobile.rb:25:in `each_line'
script_mobile.rb:25:in `block in <main>'
script_mobile.rb:24:in `times'
script_mobile.rb:24:in `<main>'
401 Unauthorized
/Users/carlos/.rvm/rubies/ruby-2.0.0-p481/lib/ruby/2.0.0/open-uri.rb:353:in `open_http'
/Users/carlos/.rvm/rubies/ruby-2.0.0-p481/lib/ruby/2.0.0/open-uri.rb:709:in `buffer_open'
/Users/carlos/.rvm/rubies/ruby-2.0.0-p481/lib/ruby/2.0.0/open-uri.rb:210:in `block in open_loop'
/Users/carlos/.rvm/rubies/ruby-2.0.0-p481/lib/ruby/2.0.0/open-uri.rb:208:in `catch'
/Users/carlos/.rvm/rubies/ruby-2.0.0-p481/lib/ruby/2.0.0/open-uri.rb:208:in `open_loop'
/Users/carlos/.rvm/rubies/ruby-2.0.0-p481/lib/ruby/2.0.0/open-uri.rb:149:in `open_uri'
/Users/carlos/.rvm/rubies/ruby-2.0.0-p481/lib/ruby/2.0.0/open-uri.rb:689:in `open'
/Users/carlos/.rvm/rubies/ruby-2.0.0-p481/lib/ruby/2.0.0/open-uri.rb:30:in `open'
script_mobile.rb:50:in `block (2 levels) in <main>'
script_mobile.rb:25:in `each_line'
script_mobile.rb:25:in `block in <main>'
script_mobile.rb:24:in `times'
script_mobile.rb:24:in `<main>'
401 Unauthorized
/Users/carlos/.rvm/rubies/ruby-2.0.0-p481/lib/ruby/2.0.0/open-uri.rb:353:in `open_http'
/Users/carlos/.rvm/rubies/ruby-2.0.0-p481/lib/ruby/2.0.0/open-uri.rb:709:in `buffer_open'
/Users/carlos/.rvm/rubies/ruby-2.0.0-p481/lib/ruby/2.0.0/open-uri.rb:210:in `block in open_loop'
/Users/carlos/.rvm/rubies/ruby-2.0.0-p481/lib/ruby/2.0.0/open-uri.rb:208:in `catch'
/Users/carlos/.rvm/rubies/ruby-2.0.0-p481/lib/ruby/2.0.0/open-uri.rb:208:in `open_loop'
/Users/carlos/.rvm/rubies/ruby-2.0.0-p481/lib/ruby/2.0.0/open-uri.rb:149:in `open_uri'
/Users/carlos/.rvm/rubies/ruby-2.0.0-p481/lib/ruby/2.0.0/open-uri.rb:689:in `open'
/Users/carlos/.rvm/rubies/ruby-2.0.0-p481/lib/ruby/2.0.0/open-uri.rb:30:in `open'
script_mobile.rb:50:in `block (2 levels) in <main>'
script_mobile.rb:25:in `each_line'
script_mobile.rb:25:in `block in <main>'
script_mobile.rb:24:in `times'
script_mobile.rb:24:in `<main>'
401 Unauthorized
/Users/carlos/.rvm/rubies/ruby-2.0.0-p481/lib/ruby/2.0.0/open-uri.rb:353:in `open_http'
/Users/carlos/.rvm/rubies/ruby-2.0.0-p481/lib/ruby/2.0.0/open-uri.rb:709:in `buffer_open'
/Users/carlos/.rvm/rubies/ruby-2.0.0-p481/lib/ruby/2.0.0/open-uri.rb:210:in `block in open_loop'
/Users/carlos/.rvm/rubies/ruby-2.0.0-p481/lib/ruby/2.0.0/open-uri.rb:208:in `catch'
/Users/carlos/.rvm/rubies/ruby-2.0.0-p481/lib/ruby/2.0.0/open-uri.rb:208:in `open_loop'
/Users/carlos/.rvm/rubies/ruby-2.0.0-p481/lib/ruby/2.0.0/open-uri.rb:149:in `open_uri'
/Users/carlos/.rvm/rubies/ruby-2.0.0-p481/lib/ruby/2.0.0/open-uri.rb:689:in `open'
/Users/carlos/.rvm/rubies/ruby-2.0.0-p481/lib/ruby/2.0.0/open-uri.rb:30:in `open'
script_mobile.rb:50:in `block (2 levels) in <main>'
script_mobile.rb:25:in `each_line'
script_mobile.rb:25:in `block in <main>'
script_mobile.rb:24:in `times'
script_mobile.rb:24:in `<main>'
401 Unauthorized
/Users/carlos/.rvm/rubies/ruby-2.0.0-p481/lib/ruby/2.0.0/open-uri.rb:353:in `open_http'
/Users/carlos/.rvm/rubies/ruby-2.0.0-p481/lib/ruby/2.0.0/open-uri.rb:709:in `buffer_open'
/Users/carlos/.rvm/rubies/ruby-2.0.0-p481/lib/ruby/2.0.0/open-uri.rb:210:in `block in open_loop'
/Users/carlos/.rvm/rubies/ruby-2.0.0-p481/lib/ruby/2.0.0/open-uri.rb:208:in `catch'
/Users/carlos/.rvm/rubies/ruby-2.0.0-p481/lib/ruby/2.0.0/open-uri.rb:208:in `open_loop'
/Users/carlos/.rvm/rubies/ruby-2.0.0-p481/lib/ruby/2.0.0/open-uri.rb:149:in `open_uri'
/Users/carlos/.rvm/rubies/ruby-2.0.0-p481/lib/ruby/2.0.0/open-uri.rb:689:in `open'
/Users/carlos/.rvm/rubies/ruby-2.0.0-p481/lib/ruby/2.0.0/open-uri.rb:30:in `open'
script_mobile.rb:50:in `block (2 levels) in <main>'
script_mobile.rb:25:in `each_line'
script_mobile.rb:25:in `block in <main>'
script_mobile.rb:24:in `times'
script_mobile.rb:24:in `<main>'
401 Unauthorized
/Users/carlos/.rvm/rubies/ruby-2.0.0-p481/lib/ruby/2.0.0/open-uri.rb:353:in `open_http'
/Users/carlos/.rvm/rubies/ruby-2.0.0-p481/lib/ruby/2.0.0/open-uri.rb:709:in `buffer_open'
/Users/carlos/.rvm/rubies/ruby-2.0.0-p481/lib/ruby/2.0.0/open-uri.rb:210:in `block in open_loop'
/Users/carlos/.rvm/rubies/ruby-2.0.0-p481/lib/ruby/2.0.0/open-uri.rb:208:in `catch'
/Users/carlos/.rvm/rubies/ruby-2.0.0-p481/lib/ruby/2.0.0/open-uri.rb:208:in `open_loop'
/Users/carlos/.rvm/rubies/ruby-2.0.0-p481/lib/ruby/2.0.0/open-uri.rb:149:in `open_uri'
/Users/carlos/.rvm/rubies/ruby-2.0.0-p481/lib/ruby/2.0.0/open-uri.rb:689:in `open'
/Users/carlos/.rvm/rubies/ruby-2.0.0-p481/lib/ruby/2.0.0/open-uri.rb:30:in `open'
script_mobile.rb:50:in `block (2 levels) in <main>'
script_mobile.rb:25:in `each_line'
script_mobile.rb:25:in `block in <main>'
script_mobile.rb:24:in `times'
script_mobile.rb:24:in `<main>'
401 Unauthorized
/Users/carlos/.rvm/rubies/ruby-2.0.0-p481/lib/ruby/2.0.0/open-uri.rb:353:in `open_http'
/Users/carlos/.rvm/rubies/ruby-2.0.0-p481/lib/ruby/2.0.0/open-uri.rb:709:in `buffer_open'
/Users/carlos/.rvm/rubies/ruby-2.0.0-p481/lib/ruby/2.0.0/open-uri.rb:210:in `block in open_loop'
/Users/carlos/.rvm/rubies/ruby-2.0.0-p481/lib/ruby/2.0.0/open-uri.rb:208:in `catch'
/Users/carlos/.rvm/rubies/ruby-2.0.0-p481/lib/ruby/2.0.0/open-uri.rb:208:in `open_loop'
/Users/carlos/.rvm/rubies/ruby-2.0.0-p481/lib/ruby/2.0.0/open-uri.rb:149:in `open_uri'
/Users/carlos/.rvm/rubies/ruby-2.0.0-p481/lib/ruby/2.0.0/open-uri.rb:689:in `open'
/Users/carlos/.rvm/rubies/ruby-2.0.0-p481/lib/ruby/2.0.0/open-uri.rb:30:in `open'
script_mobile.rb:50:in `block (2 levels) in <main>'
script_mobile.rb:25:in `each_line'
script_mobile.rb:25:in `block in <main>'
script_mobile.rb:24:in `times'
script_mobile.rb:24:in `<main>'
401 Unauthorized
/Users/carlos/.rvm/rubies/ruby-2.0.0-p481/lib/ruby/2.0.0/open-uri.rb:353:in `open_http'
/Users/carlos/.rvm/rubies/ruby-2.0.0-p481/lib/ruby/2.0.0/open-uri.rb:709:in `buffer_open'
/Users/carlos/.rvm/rubies/ruby-2.0.0-p481/lib/ruby/2.0.0/open-uri.rb:210:in `block in open_loop'
/Users/carlos/.rvm/rubies/ruby-2.0.0-p481/lib/ruby/2.0.0/open-uri.rb:208:in `catch'
/Users/carlos/.rvm/rubies/ruby-2.0.0-p481/lib/ruby/2.0.0/open-uri.rb:208:in `open_loop'
/Users/carlos/.rvm/rubies/ruby-2.0.0-p481/lib/ruby/2.0.0/open-uri.rb:149:in `open_uri'
/Users/carlos/.rvm/rubies/ruby-2.0.0-p481/lib/ruby/2.0.0/open-uri.rb:689:in `open'
/Users/carlos/.rvm/rubies/ruby-2.0.0-p481/lib/ruby/2.0.0/open-uri.rb:30:in `open'
script_mobile.rb:50:in `block (2 levels) in <main>'
script_mobile.rb:25:in `each_line'
script_mobile.rb:25:in `block in <main>'
script_mobile.rb:24:in `times'
script_mobile.rb:24:in `<main>'
401 Unauthorized
/Users/carlos/.rvm/rubies/ruby-2.0.0-p481/lib/ruby/2.0.0/open-uri.rb:353:in `open_http'
/Users/carlos/.rvm/rubies/ruby-2.0.0-p481/lib/ruby/2.0.0/open-uri.rb:709:in `buffer_open'
/Users/carlos/.rvm/rubies/ruby-2.0.0-p481/lib/ruby/2.0.0/open-uri.rb:210:in `block in open_loop'
/Users/carlos/.rvm/rubies/ruby-2.0.0-p481/lib/ruby/2.0.0/open-uri.rb:208:in `catch'
/Users/carlos/.rvm/rubies/ruby-2.0.0-p481/lib/ruby/2.0.0/open-uri.rb:208:in `open_loop'
/Users/carlos/.rvm/rubies/ruby-2.0.0-p481/lib/ruby/2.0.0/open-uri.rb:149:in `open_uri'
/Users/carlos/.rvm/rubies/ruby-2.0.0-p481/lib/ruby/2.0.0/open-uri.rb:689:in `open'
/Users/carlos/.rvm/rubies/ruby-2.0.0-p481/lib/ruby/2.0.0/open-uri.rb:30:in `open'
script_mobile.rb:50:in `block (2 levels) in <main>'
script_mobile.rb:25:in `each_line'
script_mobile.rb:25:in `block in <main>'
script_mobile.rb:24:in `times'
script_mobile.rb:24:in `<main>'
401 Unauthorized
/Users/carlos/.rvm/rubies/ruby-2.0.0-p481/lib/ruby/2.0.0/open-uri.rb:353:in `open_http'
/Users/carlos/.rvm/rubies/ruby-2.0.0-p481/lib/ruby/2.0.0/open-uri.rb:709:in `buffer_open'
/Users/carlos/.rvm/rubies/ruby-2.0.0-p481/lib/ruby/2.0.0/open-uri.rb:210:in `block in open_loop'